
ROM used: 5518 (17%)
          6148 (19%) including unused fragments

          1 Average locations per line
          6 Average locations per statement

RAM used: 1154 (56%) at main() level
          1371 (67%) worst case

Stack used: 13 worst case (out of 31 total available)

Lines Stmts  %   Files
----- ----- ---  -----
  348   124  14  bootloader.c
  372     0   0  C:\Program Files\PICC\devices\18F2550.h
   75     2   0  C:\Program Files\PICC\drivers\usb_bootloader.h
  518   110  13  usb_cdc.h
 1323   321  37  C:\Program Files\PICC\drivers\pic18_usb.h
  828     0   0  C:\Program Files\PICC\drivers\usb.h
  238     0   0  usb_desc_cdc.h
  912   229  26  C:\Program Files\PICC\drivers\usb.c
   28    85  10  C:\Program Files\PICC\drivers\ctype.h
----- -----
 4642   871 Total

Page ROM  %  RAM   Vol Diff  Functions:
---- --- --- ---   --- ----  ----------
0     32   0   7             @READ_PROGRAM_MEMORY
0     32   0   0             @FLASHWR
0     84   1   7             @WRITE_PROGRAM_MEMORY
0     40   0   1             @delay_ms1
0      4   0   0    47  2.5  BlankApplication
0     32   0   0             @const159
0     32   0   0             @const161
0     48   0   0             @const163
0     66   1   0             @const165
0     40   0   1   149  2.6  usb_detach
0     34   0   0   138  2.1  usb_attach
0     34   0   1   346  4.6  usb_task
0     14   0   0    61  2.5  usb_init
0    226   2   7  1224  5.9  usb_flush_in
0    174   2  14   584  7.5  usb_put_packet
0    238   2   7   940  5.4  usb_flush_out
0     44   0   1    52  2.1  usb_rx_packet_size
0     72   1   4   235  4.5  usb_stall_ep
0     70   1   4   242  4.6  usb_unstall_ep
0     88   1   3   343  5.8  usb_endpoint_stalled
0     26   0   1    88  2.7  usb_set_address
0    434   4  10  1575  8.9  usb_set_configured
0    106   1   0   448  3.7  usb_isr
0      6   0   0    25  1.2  usb_isr_sof
0     48   0   3   142  3.9  usb_disable_endpoints
0     42   0   0   318  4.6  usb_isr_rst
0     30   0   0   343  3.1  usb_init_ep0_setup
0      8   0   0    47  1.5  usb_isr_uerr
0     10   0   0    54  1.5  usb_isr_uidle
0     10   0   0    54  1.5  usb_isr_activity
0     14   0   0   147  3.4  usb_isr_stall
0    240   2   2  1217  7.3  usb_isr_tok_dne
0      6   0   1    25  1.6  usb_request_send_response
0      6   0   0    22  1.2  usb_request_get_data
0      6   0   0    25  0.8  usb_request_stall
0     84   1   0             @const286
0     18   0   0             @const288
0     34   0   0             @const294
0     72   1   0             @const297
0     44   0   3   239  4.0  usb_token_reset
0     90   1   4   201  4.9  usb_endpoint_is_valid
0     50   0   1   204  3.1  usb_isr_tok_in_dne
0     62   1   1   152  3.0  usb_isr_tok_out_dne
0     42   0   0   310  5.4  usb_isr_tok_setup_dne
0    180   2   0  1131  8.2  usb_isr_tkn_setup_StandardDevice
0    168   2   3   691  7.7  usb_isr_tkn_setup_StandardInterface
0    106   1   0   519  5.2  usb_isr_tkn_setup_StandardEndpoint
0    122   1   1   618  7.2  usb_Get_Descriptor
0     14   0   0    76  1.8  usb_finish_set_address
0    152   1   5   554  8.5  usb_copy_desc_seg_to_ep
0    100   1   0   364  5.6  usb_isr_tok_out_cdc_control_dne
0    174   2   0   840  7.7  usb_isr_tkn_cdc
0     22   0   0   112  2.2  usb_isr_tok_out_cdc_data_dne
0     14   0   0    59  2.1  usb_isr_tok_in_cdc_data_dne
0     36   0   0   106  2.5  usb_cdc_flush_out_buffer
0     36   0   0   280  2.3  usb_cdc_init
0     66   1   2   251  5.9  usb_cdc_getc
0     66   1   5   223  4.1  usb_cdc_putc_fast
0     34   0   1   112  1.3  usb_cdc_putc
0     16   0   0    88  2.4  high_isr
0     16   0   0   108  2.5  low_isr
0    250   2  80   750  7.9  rom_w
0     74   1   8   389  7.5  atoi_b16
0    506   5 117  2841 13.8  load_program
0     92   1   0   305  5.1  MAIN
0    198   2   3   807  4.8  initLedDriver
0     30   0   2   115  1.9  sendSpiLED

Program metrics:
    Functions               55
    Statements              871
    Comments                2750
    Volume (V)              40664
    Difficilty (D)          241.2
    Effort to implement (E) 9806266
    Time to implement (T)   151 hours, 20 minutes
    Est Delivered Bugs (B)  15
    Cyclomatic Complexity   141
    Maintainability (MI)    41

 Segment     Used  Free
-----------  ----  ----
00000-00006     4  4  
00008-00016    16  0  
00018-00026    16  0  
00028-000BC   150  0  
000BE-017FE  5328  626  
01800-0180E     4  12  
01810-07FFE     0  26608  



