
ROM used: 9488 (29%)
          9492 (29%) including unused fragments

          1 Average locations per line
          6 Average locations per statement

RAM used: 1429 (70%) at main() level
          1476 (72%) worst case

Stack used: 13 worst case (out of 31 total available)

Lines Stmts  %   Files
----- ----- ---  -----
  816   297  19  picnome.c
  156     0   0  picnome.h
  371     0   0  C:\Program Files (x86)\PICC\devices\18F2550.h
 1273   359  23  C:\Program Files (x86)\PICC\drivers\stdlib.h
   28     0   0  C:\Program Files (x86)\PICC\drivers\stddef.h
  409   121   8  C:\Program Files (x86)\PICC\drivers\string.h
   28    85   6  C:\Program Files (x86)\PICC\drivers\ctype.h
   75     0   0  C:\Program Files (x86)\PICC\drivers\usb_bootloader.h
  522   119   8  usb_cdc.h
 1323   321  21  C:\Program Files (x86)\PICC\drivers\pic18_usb.h
  828     0   0  C:\Program Files (x86)\PICC\drivers\usb.h
  242     0   0  usb_desc_cdc.h
  912   229  15  C:\Program Files (x86)\PICC\drivers\usb.c
----- -----
 6983  1531 Total

Page ROM  %  RAM   Vol Diff  Functions:
---- --- --- ---   --- ----  ----------
0     42   0   1             @delay_ms1
0    122   1   9   288  6.0  strpbrk
0    144   1   9   346  7.5  strspn
0    176   1  10   475  7.2  strtok
0     80   0   2             @MUL88
0    418   2   9  1815 10.5  atoi
0     32   0   0             @const425
0     32   0   0             @const427
0     48   0   0             @const429
0     66   0   0             @const431
0     44   0   1   149  2.6  usb_detach
0     34   0   0   138  2.1  usb_attach
0     34   0   1   346  4.6  usb_task
0     14   0   0    61  2.5  usb_init
0    226   1   7  1224  5.9  usb_flush_in
0    174   1  14   584  7.5  usb_put_packet
0    238   1   7   940  5.4  usb_flush_out
0     44   0   1    52  2.1  usb_rx_packet_size
0     72   0   4   235  4.5  usb_stall_ep
0     70   0   4   242  4.6  usb_unstall_ep
0     88   0   3   343  5.8  usb_endpoint_stalled
0     26   0   1    88  2.7  usb_set_address
0    434   2  10  1575  8.9  usb_set_configured
0    106   1   0   448  3.7  usb_isr
0      6   0   0    25  1.2  usb_isr_sof
0     48   0   3   142  3.9  usb_disable_endpoints
0     42   0   0   318  4.6  usb_isr_rst
0     30   0   0   343  3.1  usb_init_ep0_setup
0      8   0   0    47  1.5  usb_isr_uerr
0     10   0   0    54  1.5  usb_isr_uidle
0     10   0   0    54  1.5  usb_isr_activity
0     14   0   0   147  3.4  usb_isr_stall
0    240   1   2  1217  7.3  usb_isr_tok_dne
0      6   0   1    25  1.6  usb_request_send_response
0      6   0   0    22  1.2  usb_request_get_data
0      6   0   0    25  0.8  usb_request_stall
0     84   0   0             @const552
0     18   0   0             @const554
0     34   0   0             @const560
0     54   0   0             @const563
0     44   0   3   239  4.0  usb_token_reset
0     90   0   3   201  4.9  usb_endpoint_is_valid
0     50   0   1   204  3.1  usb_isr_tok_in_dne
0     62   0   1   152  3.0  usb_isr_tok_out_dne
0     42   0   0   310  5.4  usb_isr_tok_setup_dne
0    180   1   0  1131  8.2  usb_isr_tkn_setup_StandardDevice
0    168   1   3   691  7.7  usb_isr_tkn_setup_StandardInterface
0    106   1   0   519  5.2  usb_isr_tkn_setup_StandardEndpoint
0    122   1   1   618  7.2  usb_Get_Descriptor
0     14   0   0    76  1.8  usb_finish_set_address
0    152   1   4   554  8.5  usb_copy_desc_seg_to_ep
0    100   1   0   364  5.6  usb_isr_tok_out_cdc_control_dne
0    174   1   0   840  7.7  usb_isr_tkn_cdc
0     22   0   0   112  2.2  usb_isr_tok_out_cdc_data_dne
0     14   0   0    59  2.1  usb_isr_tok_in_cdc_data_dne
0     36   0   0   106  2.5  usb_cdc_flush_out_buffer
0     36   0   0   280  2.3  usb_cdc_init
0     76   0   2   251  5.9  usb_cdc_getc
0     76   0   4   223  4.1  usb_cdc_putc_fast
0     36   0   1    96  2.5  usb_cdc_putc
0     34   0   0             @const657
0    388   2   2  1376  8.8  MAIN
0    600   3   1  2124  5.4  initLedDriver
0     32   0   2   136  1.9  sendSpiLED
0   1280   7   3  4719 11.1  receiveOscMsgs
0    120   1   2   275  3.7  buttonInit
0    508   3   5   886  9.3  buttonCheck
0    384   2   3  1274  9.0  sendOscMsgPress
0     52   0   2   157  5.2  enableAdc
0     54   0   2   163  5.6  disableAdc
0    540   3   7  1024  8.4  sendOscMsgAdc
0     42   0   2   153  3.5  inputInit
0     28   0   0    83  3.2  initAndSaveParaToEeprom
0     64   0   9   173  5.8  getParaFromEeprom
0     86   0   7   173  5.8  putParaToEeprom
0     60   0   4   248  5.9  my_atoi
0     82   0   7   320  8.5  my_get_string_usb

Program metrics:
    Functions               66
    Statements              1531
    Comments                3801
    Volume (V)              60607
    Difficilty (D)          328.6
    Effort to implement (E) 19912827
    Time to implement (T)   307 hours, 18 minutes
    Est Delivered Bugs (B)  24
    Cyclomatic Complexity   193
    Maintainability (MI)    48

 Segment     Used  Free
-----------  ----  ----
00000-017FE     0  6144  
01800-01806     4  4  
01808-0189C   150  0  
0189E-07FFE  9334  17132  



